[2018/08/06 17:04:46 HKT] [INFO] (ngrok/log.Info:112) Reading configuration file ngrok.cfg
[2018/08/06 17:04:46 HKT] [INFO] (ngrok/log.(*PrefixLogger).Info:83) [client] Trusting root CAs: [assets/client/tls/ngrokroot.crt]
[2018/08/06 17:04:46 HKT] [INFO] (ngrok/log.(*PrefixLogger).Info:83) [view] [web] Serving web interface on 127.0.0.1:4040
[2018/08/06 17:04:46 HKT] [INFO] (ngrok/log.Info:112) Checking for update
[2018/08/06 17:04:46 HKT] [DEBG] (ngrok/log.(*PrefixLogger).Debug:79) [view] [term] Waiting for update
[2018/08/06 17:04:46 HKT] [EROR] (ngrok/log.Error:120) control recovering from failure dial tcp: lookup ngrokd.ngrok.com: no such host
[2018/08/06 17:04:46 HKT] [INFO] (ngrok/log.Info:112) Waiting 1 seconds before reconnecting
[2018/08/06 17:04:47 HKT] [DEBG] (ngrok/log.(*PrefixLogger).Debug:79) [view] [term] Waiting for update
[2018/08/06 17:04:47 HKT] [EROR] (ngrok/log.Error:120) control recovering from failure dial tcp: lookup ngrokd.ngrok.com: no such host
[2018/08/06 17:04:47 HKT] [INFO] (ngrok/log.Info:112) Waiting 2 seconds before reconnecting
[2018/08/06 17:04:47 HKT] [INFO] (ngrok/log.Info:112) No update available
[2018/08/06 17:04:49 HKT] [DEBG] (ngrok/log.(*PrefixLogger).Debug:79) [view] [term] Waiting for update
[2018/08/06 17:04:49 HKT] [EROR] (ngrok/log.Error:120) control recovering from failure dial tcp: lookup ngrokd.ngrok.com: no such host
[2018/08/06 17:04:49 HKT] [INFO] (ngrok/log.Info:112) Waiting 4 seconds before reconnecting
[2018/08/06 17:04:53 HKT] [DEBG] (ngrok/log.(*PrefixLogger).Debug:79) [view] [term] Waiting for update
[2018/08/06 17:04:53 HKT] [EROR] (ngrok/log.Error:120) control recovering from failure dial tcp: lookup ngrokd.ngrok.com: no such host
[2018/08/06 17:04:53 HKT] [INFO] (ngrok/log.Info:112) Waiting 8 seconds before reconnecting
[2018/08/06 17:05:01 HKT] [DEBG] (ngrok/log.(*PrefixLogger).Debug:79) [view] [term] Waiting for update
[2018/08/06 17:05:01 HKT] [EROR] (ngrok/log.Error:120) control recovering from failure dial tcp: lookup ngrokd.ngrok.com: no such host
[2018/08/06 17:05:01 HKT] [INFO] (ngrok/log.Info:112) Waiting 16 seconds before reconnecting
[2018/08/06 17:05:17 HKT] [DEBG] (ngrok/log.(*PrefixLogger).Debug:79) [view] [term] Waiting for update
[2018/08/06 17:05:17 HKT] [EROR] (ngrok/log.Error:120) control recovering from failure dial tcp: lookup ngrokd.ngrok.com: no such host
[2018/08/06 17:05:17 HKT] [INFO] (ngrok/log.Info:112) Waiting 30 seconds before reconnecting
[2018/08/06 17:05:23 HKT] [INFO] (ngrok/log.(*PrefixLogger).Info:83) [view] [term] Got quit command
[2018/08/06 17:05:23 HKT] [INFO] (ngrok/log.(*PrefixLogger).Info:83) [controller] Shutting down
